Copyright 1986-2021 Xilinx, Inc. All Rights Reserved.
-----------------------------------------------------------------------------------------------------------------------------------------------------------------------------
| Tool Version : Vivado v.2021.1 (win64) Build 3247384 Thu Jun 10 19:36:33 MDT 2021
| Date         : Fri Jul  2 19:37:37 2021
| Host         : DESKTOP-E9LJ9PB running 64-bit major release  (build 9200)
| Command      : report_methodology -file dual_port_ram_methodology_drc_routed.rpt -pb dual_port_ram_methodology_drc_routed.pb -rpx dual_port_ram_methodology_drc_routed.rpx
| Design       : dual_port_ram
| Device       : xc7k70tfbv676-1
| Speed File   : -1
| Design State : Fully Routed
-----------------------------------------------------------------------------------------------------------------------------------------------------------------------------

Report Methodology

Table of Contents
-----------------
1. REPORT SUMMARY
2. REPORT DETAILS

1. REPORT SUMMARY
-----------------
            Netlist: netlist
          Floorplan: design_1
      Design limits: <entire design considered>
             Max violations: <unlimited>
             Violations found: 232
+-----------+------------------+----------------------------------+------------+
| Rule      | Severity         | Description                      | Violations |
+-----------+------------------+----------------------------------+------------+
| TIMING-17 | Critical Warning | Non-clocked sequential cell      | 184        |
| HPDR-1    | Warning          | Port pin direction inconsistency | 48         |
+-----------+------------------+----------------------------------+------------+

2. REPORT DETAILS
-----------------
TIMING-17#1 Critical Warning
Non-clocked sequential cell  
The clock pin data_a_out_reg[0]/C is not reached by a timing clock
Related violations: <none>

TIMING-17#2 Critical Warning
Non-clocked sequential cell  
The clock pin data_a_out_reg[10]/C is not reached by a timing clock
Related violations: <none>

TIMING-17#3 Critical Warning
Non-clocked sequential cell  
The clock pin data_a_out_reg[11]/C is not reached by a timing clock
Related violations: <none>

TIMING-17#4 Critical Warning
Non-clocked sequential cell  
The clock pin data_a_out_reg[12]/C is not reached by a timing clock
Related violations: <none>

TIMING-17#5 Critical Warning
Non-clocked sequential cell  
The clock pin data_a_out_reg[13]/C is not reached by a timing clock
Related violations: <none>

TIMING-17#6 Critical Warning
Non-clocked sequential cell  
The clock pin data_a_out_reg[14]/C is not reached by a timing clock
Related violations: <none>

TIMING-17#7 Critical Warning
Non-clocked sequential cell  
The clock pin data_a_out_reg[15]/C is not reached by a timing clock
Related violations: <none>

TIMING-17#8 Critical Warning
Non-clocked sequential cell  
The clock pin data_a_out_reg[16]/C is not reached by a timing clock
Related violations: <none>

TIMING-17#9 Critical Warning
Non-clocked sequential cell  
The clock pin data_a_out_reg[17]/C is not reached by a timing clock
Related violations: <none>

TIMING-17#10 Critical Warning
Non-clocked sequential cell  
The clock pin data_a_out_reg[18]/C is not reached by a timing clock
Related violations: <none>

TIMING-17#11 Critical Warning
Non-clocked sequential cell  
The clock pin data_a_out_reg[19]/C is not reached by a timing clock
Related violations: <none>

TIMING-17#12 Critical Warning
Non-clocked sequential cell  
The clock pin data_a_out_reg[1]/C is not reached by a timing clock
Related violations: <none>

TIMING-17#13 Critical Warning
Non-clocked sequential cell  
The clock pin data_a_out_reg[20]/C is not reached by a timing clock
Related violations: <none>

TIMING-17#14 Critical Warning
Non-clocked sequential cell  
The clock pin data_a_out_reg[21]/C is not reached by a timing clock
Related violations: <none>

TIMING-17#15 Critical Warning
Non-clocked sequential cell  
The clock pin data_a_out_reg[22]/C is not reached by a timing clock
Related violations: <none>

TIMING-17#16 Critical Warning
Non-clocked sequential cell  
The clock pin data_a_out_reg[23]/C is not reached by a timing clock
Related violations: <none>

TIMING-17#17 Critical Warning
Non-clocked sequential cell  
The clock pin data_a_out_reg[24]/C is not reached by a timing clock
Related violations: <none>

TIMING-17#18 Critical Warning
Non-clocked sequential cell  
The clock pin data_a_out_reg[25]/C is not reached by a timing clock
Related violations: <none>

TIMING-17#19 Critical Warning
Non-clocked sequential cell  
The clock pin data_a_out_reg[26]/C is not reached by a timing clock
Related violations: <none>

TIMING-17#20 Critical Warning
Non-clocked sequential cell  
The clock pin data_a_out_reg[27]/C is not reached by a timing clock
Related violations: <none>

TIMING-17#21 Critical Warning
Non-clocked sequential cell  
The clock pin data_a_out_reg[28]/C is not reached by a timing clock
Related violations: <none>

TIMING-17#22 Critical Warning
Non-clocked sequential cell  
The clock pin data_a_out_reg[29]/C is not reached by a timing clock
Related violations: <none>

TIMING-17#23 Critical Warning
Non-clocked sequential cell  
The clock pin data_a_out_reg[2]/C is not reached by a timing clock
Related violations: <none>

TIMING-17#24 Critical Warning
Non-clocked sequential cell  
The clock pin data_a_out_reg[30]/C is not reached by a timing clock
Related violations: <none>

TIMING-17#25 Critical Warning
Non-clocked sequential cell  
The clock pin data_a_out_reg[31]/C is not reached by a timing clock
Related violations: <none>

TIMING-17#26 Critical Warning
Non-clocked sequential cell  
The clock pin data_a_out_reg[3]/C is not reached by a timing clock
Related violations: <none>

TIMING-17#27 Critical Warning
Non-clocked sequential cell  
The clock pin data_a_out_reg[4]/C is not reached by a timing clock
Related violations: <none>

TIMING-17#28 Critical Warning
Non-clocked sequential cell  
The clock pin data_a_out_reg[5]/C is not reached by a timing clock
Related violations: <none>

TIMING-17#29 Critical Warning
Non-clocked sequential cell  
The clock pin data_a_out_reg[6]/C is not reached by a timing clock
Related violations: <none>

TIMING-17#30 Critical Warning
Non-clocked sequential cell  
The clock pin data_a_out_reg[7]/C is not reached by a timing clock
Related violations: <none>

TIMING-17#31 Critical Warning
Non-clocked sequential cell  
The clock pin data_a_out_reg[8]/C is not reached by a timing clock
Related violations: <none>

TIMING-17#32 Critical Warning
Non-clocked sequential cell  
The clock pin data_a_out_reg[9]/C is not reached by a timing clock
Related violations: <none>

TIMING-17#33 Critical Warning
Non-clocked sequential cell  
The clock pin data_b_out_reg[0]/C is not reached by a timing clock
Related violations: <none>

TIMING-17#34 Critical Warning
Non-clocked sequential cell  
The clock pin data_b_out_reg[0]_lopt_replica/C is not reached by a timing clock
Related violations: <none>

TIMING-17#35 Critical Warning
Non-clocked sequential cell  
The clock pin data_b_out_reg[10]/C is not reached by a timing clock
Related violations: <none>

TIMING-17#36 Critical Warning
Non-clocked sequential cell  
The clock pin data_b_out_reg[10]_lopt_replica/C is not reached by a timing clock
Related violations: <none>

TIMING-17#37 Critical Warning
Non-clocked sequential cell  
The clock pin data_b_out_reg[11]/C is not reached by a timing clock
Related violations: <none>

TIMING-17#38 Critical Warning
Non-clocked sequential cell  
The clock pin data_b_out_reg[11]_lopt_replica/C is not reached by a timing clock
Related violations: <none>

TIMING-17#39 Critical Warning
Non-clocked sequential cell  
The clock pin data_b_out_reg[12]/C is not reached by a timing clock
Related violations: <none>

TIMING-17#40 Critical Warning
Non-clocked sequential cell  
The clock pin data_b_out_reg[12]_lopt_replica/C is not reached by a timing clock
Related violations: <none>

TIMING-17#41 Critical Warning
Non-clocked sequential cell  
The clock pin data_b_out_reg[13]/C is not reached by a timing clock
Related violations: <none>

TIMING-17#42 Critical Warning
Non-clocked sequential cell  
The clock pin data_b_out_reg[13]_lopt_replica/C is not reached by a timing clock
Related violations: <none>

TIMING-17#43 Critical Warning
Non-clocked sequential cell  
The clock pin data_b_out_reg[14]/C is not reached by a timing clock
Related violations: <none>

TIMING-17#44 Critical Warning
Non-clocked sequential cell  
The clock pin data_b_out_reg[14]_lopt_replica/C is not reached by a timing clock
Related violations: <none>

TIMING-17#45 Critical Warning
Non-clocked sequential cell  
The clock pin data_b_out_reg[15]/C is not reached by a timing clock
Related violations: <none>

TIMING-17#46 Critical Warning
Non-clocked sequential cell  
The clock pin data_b_out_reg[15]_lopt_replica/C is not reached by a timing clock
Related violations: <none>

TIMING-17#47 Critical Warning
Non-clocked sequential cell  
The clock pin data_b_out_reg[16]/C is not reached by a timing clock
Related violations: <none>

TIMING-17#48 Critical Warning
Non-clocked sequential cell  
The clock pin data_b_out_reg[16]_lopt_replica/C is not reached by a timing clock
Related violations: <none>

TIMING-17#49 Critical Warning
Non-clocked sequential cell  
The clock pin data_b_out_reg[17]/C is not reached by a timing clock
Related violations: <none>

TIMING-17#50 Critical Warning
Non-clocked sequential cell  
The clock pin data_b_out_reg[17]_lopt_replica/C is not reached by a timing clock
Related violations: <none>

TIMING-17#51 Critical Warning
Non-clocked sequential cell  
The clock pin data_b_out_reg[18]/C is not reached by a timing clock
Related violations: <none>

TIMING-17#52 Critical Warning
Non-clocked sequential cell  
The clock pin data_b_out_reg[18]_lopt_replica/C is not reached by a timing clock
Related violations: <none>

TIMING-17#53 Critical Warning
Non-clocked sequential cell  
The clock pin data_b_out_reg[19]/C is not reached by a timing clock
Related violations: <none>

TIMING-17#54 Critical Warning
Non-clocked sequential cell  
The clock pin data_b_out_reg[19]_lopt_replica/C is not reached by a timing clock
Related violations: <none>

TIMING-17#55 Critical Warning
Non-clocked sequential cell  
The clock pin data_b_out_reg[1]/C is not reached by a timing clock
Related violations: <none>

TIMING-17#56 Critical Warning
Non-clocked sequential cell  
The clock pin data_b_out_reg[1]_lopt_replica/C is not reached by a timing clock
Related violations: <none>

TIMING-17#57 Critical Warning
Non-clocked sequential cell  
The clock pin data_b_out_reg[20]/C is not reached by a timing clock
Related violations: <none>

TIMING-17#58 Critical Warning
Non-clocked sequential cell  
The clock pin data_b_out_reg[20]_lopt_replica/C is not reached by a timing clock
Related violations: <none>

TIMING-17#59 Critical Warning
Non-clocked sequential cell  
The clock pin data_b_out_reg[21]/C is not reached by a timing clock
Related violations: <none>

TIMING-17#60 Critical Warning
Non-clocked sequential cell  
The clock pin data_b_out_reg[21]_lopt_replica/C is not reached by a timing clock
Related violations: <none>

TIMING-17#61 Critical Warning
Non-clocked sequential cell  
The clock pin data_b_out_reg[22]/C is not reached by a timing clock
Related violations: <none>

TIMING-17#62 Critical Warning
Non-clocked sequential cell  
The clock pin data_b_out_reg[22]_lopt_replica/C is not reached by a timing clock
Related violations: <none>

TIMING-17#63 Critical Warning
Non-clocked sequential cell  
The clock pin data_b_out_reg[23]/C is not reached by a timing clock
Related violations: <none>

TIMING-17#64 Critical Warning
Non-clocked sequential cell  
The clock pin data_b_out_reg[23]_lopt_replica/C is not reached by a timing clock
Related violations: <none>

TIMING-17#65 Critical Warning
Non-clocked sequential cell  
The clock pin data_b_out_reg[24]/C is not reached by a timing clock
Related violations: <none>

TIMING-17#66 Critical Warning
Non-clocked sequential cell  
The clock pin data_b_out_reg[24]_lopt_replica/C is not reached by a timing clock
Related violations: <none>

TIMING-17#67 Critical Warning
Non-clocked sequential cell  
The clock pin data_b_out_reg[25]/C is not reached by a timing clock
Related violations: <none>

TIMING-17#68 Critical Warning
Non-clocked sequential cell  
The clock pin data_b_out_reg[25]_lopt_replica/C is not reached by a timing clock
Related violations: <none>

TIMING-17#69 Critical Warning
Non-clocked sequential cell  
The clock pin data_b_out_reg[26]/C is not reached by a timing clock
Related violations: <none>

TIMING-17#70 Critical Warning
Non-clocked sequential cell  
The clock pin data_b_out_reg[26]_lopt_replica/C is not reached by a timing clock
Related violations: <none>

TIMING-17#71 Critical Warning
Non-clocked sequential cell  
The clock pin data_b_out_reg[27]/C is not reached by a timing clock
Related violations: <none>

TIMING-17#72 Critical Warning
Non-clocked sequential cell  
The clock pin data_b_out_reg[27]_lopt_replica/C is not reached by a timing clock
Related violations: <none>

TIMING-17#73 Critical Warning
Non-clocked sequential cell  
The clock pin data_b_out_reg[28]/C is not reached by a timing clock
Related violations: <none>

TIMING-17#74 Critical Warning
Non-clocked sequential cell  
The clock pin data_b_out_reg[28]_lopt_replica/C is not reached by a timing clock
Related violations: <none>

TIMING-17#75 Critical Warning
Non-clocked sequential cell  
The clock pin data_b_out_reg[29]/C is not reached by a timing clock
Related violations: <none>

TIMING-17#76 Critical Warning
Non-clocked sequential cell  
The clock pin data_b_out_reg[29]_lopt_replica/C is not reached by a timing clock
Related violations: <none>

TIMING-17#77 Critical Warning
Non-clocked sequential cell  
The clock pin data_b_out_reg[2]/C is not reached by a timing clock
Related violations: <none>

TIMING-17#78 Critical Warning
Non-clocked sequential cell  
The clock pin data_b_out_reg[2]_lopt_replica/C is not reached by a timing clock
Related violations: <none>

TIMING-17#79 Critical Warning
Non-clocked sequential cell  
The clock pin data_b_out_reg[30]/C is not reached by a timing clock
Related violations: <none>

TIMING-17#80 Critical Warning
Non-clocked sequential cell  
The clock pin data_b_out_reg[30]_lopt_replica/C is not reached by a timing clock
Related violations: <none>

TIMING-17#81 Critical Warning
Non-clocked sequential cell  
The clock pin data_b_out_reg[31]/C is not reached by a timing clock
Related violations: <none>

TIMING-17#82 Critical Warning
Non-clocked sequential cell  
The clock pin data_b_out_reg[31]_lopt_replica/C is not reached by a timing clock
Related violations: <none>

TIMING-17#83 Critical Warning
Non-clocked sequential cell  
The clock pin data_b_out_reg[3]/C is not reached by a timing clock
Related violations: <none>

TIMING-17#84 Critical Warning
Non-clocked sequential cell  
The clock pin data_b_out_reg[3]_lopt_replica/C is not reached by a timing clock
Related violations: <none>

TIMING-17#85 Critical Warning
Non-clocked sequential cell  
The clock pin data_b_out_reg[4]/C is not reached by a timing clock
Related violations: <none>

TIMING-17#86 Critical Warning
Non-clocked sequential cell  
The clock pin data_b_out_reg[4]_lopt_replica/C is not reached by a timing clock
Related violations: <none>

TIMING-17#87 Critical Warning
Non-clocked sequential cell  
The clock pin data_b_out_reg[5]/C is not reached by a timing clock
Related violations: <none>

TIMING-17#88 Critical Warning
Non-clocked sequential cell  
The clock pin data_b_out_reg[5]_lopt_replica/C is not reached by a timing clock
Related violations: <none>

TIMING-17#89 Critical Warning
Non-clocked sequential cell  
The clock pin data_b_out_reg[6]/C is not reached by a timing clock
Related violations: <none>

TIMING-17#90 Critical Warning
Non-clocked sequential cell  
The clock pin data_b_out_reg[6]_lopt_replica/C is not reached by a timing clock
Related violations: <none>

TIMING-17#91 Critical Warning
Non-clocked sequential cell  
The clock pin data_b_out_reg[7]/C is not reached by a timing clock
Related violations: <none>

TIMING-17#92 Critical Warning
Non-clocked sequential cell  
The clock pin data_b_out_reg[7]_lopt_replica/C is not reached by a timing clock
Related violations: <none>

TIMING-17#93 Critical Warning
Non-clocked sequential cell  
The clock pin data_b_out_reg[8]/C is not reached by a timing clock
Related violations: <none>

TIMING-17#94 Critical Warning
Non-clocked sequential cell  
The clock pin data_b_out_reg[8]_lopt_replica/C is not reached by a timing clock
Related violations: <none>

TIMING-17#95 Critical Warning
Non-clocked sequential cell  
The clock pin data_b_out_reg[9]/C is not reached by a timing clock
Related violations: <none>

TIMING-17#96 Critical Warning
Non-clocked sequential cell  
The clock pin data_b_out_reg[9]_lopt_replica/C is not reached by a timing clock
Related violations: <none>

TIMING-17#97 Critical Warning
Non-clocked sequential cell  
The clock pin ram_reg_r1_0_63_0_2/RAMA/CLK is not reached by a timing clock
Related violations: <none>

TIMING-17#98 Critical Warning
Non-clocked sequential cell  
The clock pin ram_reg_r1_0_63_0_2/RAMB/CLK is not reached by a timing clock
Related violations: <none>

TIMING-17#99 Critical Warning
Non-clocked sequential cell  
The clock pin ram_reg_r1_0_63_0_2/RAMC/CLK is not reached by a timing clock
Related violations: <none>

TIMING-17#100 Critical Warning
Non-clocked sequential cell  
The clock pin ram_reg_r1_0_63_0_2/RAMD/CLK is not reached by a timing clock
Related violations: <none>

TIMING-17#101 Critical Warning
Non-clocked sequential cell  
The clock pin ram_reg_r1_0_63_12_14/RAMA/CLK is not reached by a timing clock
Related violations: <none>

TIMING-17#102 Critical Warning
Non-clocked sequential cell  
The clock pin ram_reg_r1_0_63_12_14/RAMB/CLK is not reached by a timing clock
Related violations: <none>

TIMING-17#103 Critical Warning
Non-clocked sequential cell  
The clock pin ram_reg_r1_0_63_12_14/RAMC/CLK is not reached by a timing clock
Related violations: <none>

TIMING-17#104 Critical Warning
Non-clocked sequential cell  
The clock pin ram_reg_r1_0_63_12_14/RAMD/CLK is not reached by a timing clock
Related violations: <none>

TIMING-17#105 Critical Warning
Non-clocked sequential cell  
The clock pin ram_reg_r1_0_63_15_17/RAMA/CLK is not reached by a timing clock
Related violations: <none>

TIMING-17#106 Critical Warning
Non-clocked sequential cell  
The clock pin ram_reg_r1_0_63_15_17/RAMB/CLK is not reached by a timing clock
Related violations: <none>

TIMING-17#107 Critical Warning
Non-clocked sequential cell  
The clock pin ram_reg_r1_0_63_15_17/RAMC/CLK is not reached by a timing clock
Related violations: <none>

TIMING-17#108 Critical Warning
Non-clocked sequential cell  
The clock pin ram_reg_r1_0_63_15_17/RAMD/CLK is not reached by a timing clock
Related violations: <none>

TIMING-17#109 Critical Warning
Non-clocked sequential cell  
The clock pin ram_reg_r1_0_63_18_20/RAMA/CLK is not reached by a timing clock
Related violations: <none>

TIMING-17#110 Critical Warning
Non-clocked sequential cell  
The clock pin ram_reg_r1_0_63_18_20/RAMB/CLK is not reached by a timing clock
Related violations: <none>

TIMING-17#111 Critical Warning
Non-clocked sequential cell  
The clock pin ram_reg_r1_0_63_18_20/RAMC/CLK is not reached by a timing clock
Related violations: <none>

TIMING-17#112 Critical Warning
Non-clocked sequential cell  
The clock pin ram_reg_r1_0_63_18_20/RAMD/CLK is not reached by a timing clock
Related violations: <none>

TIMING-17#113 Critical Warning
Non-clocked sequential cell  
The clock pin ram_reg_r1_0_63_21_23/RAMA/CLK is not reached by a timing clock
Related violations: <none>

TIMING-17#114 Critical Warning
Non-clocked sequential cell  
The clock pin ram_reg_r1_0_63_21_23/RAMB/CLK is not reached by a timing clock
Related violations: <none>

TIMING-17#115 Critical Warning
Non-clocked sequential cell  
The clock pin ram_reg_r1_0_63_21_23/RAMC/CLK is not reached by a timing clock
Related violations: <none>

TIMING-17#116 Critical Warning
Non-clocked sequential cell  
The clock pin ram_reg_r1_0_63_21_23/RAMD/CLK is not reached by a timing clock
Related violations: <none>

TIMING-17#117 Critical Warning
Non-clocked sequential cell  
The clock pin ram_reg_r1_0_63_24_26/RAMA/CLK is not reached by a timing clock
Related violations: <none>

TIMING-17#118 Critical Warning
Non-clocked sequential cell  
The clock pin ram_reg_r1_0_63_24_26/RAMB/CLK is not reached by a timing clock
Related violations: <none>

TIMING-17#119 Critical Warning
Non-clocked sequential cell  
The clock pin ram_reg_r1_0_63_24_26/RAMC/CLK is not reached by a timing clock
Related violations: <none>

TIMING-17#120 Critical Warning
Non-clocked sequential cell  
The clock pin ram_reg_r1_0_63_24_26/RAMD/CLK is not reached by a timing clock
Related violations: <none>

TIMING-17#121 Critical Warning
Non-clocked sequential cell  
The clock pin ram_reg_r1_0_63_27_29/RAMA/CLK is not reached by a timing clock
Related violations: <none>

TIMING-17#122 Critical Warning
Non-clocked sequential cell  
The clock pin ram_reg_r1_0_63_27_29/RAMB/CLK is not reached by a timing clock
Related violations: <none>

TIMING-17#123 Critical Warning
Non-clocked sequential cell  
The clock pin ram_reg_r1_0_63_27_29/RAMC/CLK is not reached by a timing clock
Related violations: <none>

TIMING-17#124 Critical Warning
Non-clocked sequential cell  
The clock pin ram_reg_r1_0_63_27_29/RAMD/CLK is not reached by a timing clock
Related violations: <none>

TIMING-17#125 Critical Warning
Non-clocked sequential cell  
The clock pin ram_reg_r1_0_63_30_31/RAMA/CLK is not reached by a timing clock
Related violations: <none>

TIMING-17#126 Critical Warning
Non-clocked sequential cell  
The clock pin ram_reg_r1_0_63_30_31/RAMB/CLK is not reached by a timing clock
Related violations: <none>

TIMING-17#127 Critical Warning
Non-clocked sequential cell  
The clock pin ram_reg_r1_0_63_30_31/RAMC/CLK is not reached by a timing clock
Related violations: <none>

TIMING-17#128 Critical Warning
Non-clocked sequential cell  
The clock pin ram_reg_r1_0_63_30_31/RAMD/CLK is not reached by a timing clock
Related violations: <none>

TIMING-17#129 Critical Warning
Non-clocked sequential cell  
The clock pin ram_reg_r1_0_63_3_5/RAMA/CLK is not reached by a timing clock
Related violations: <none>

TIMING-17#130 Critical Warning
Non-clocked sequential cell  
The clock pin ram_reg_r1_0_63_3_5/RAMB/CLK is not reached by a timing clock
Related violations: <none>

TIMING-17#131 Critical Warning
Non-clocked sequential cell  
The clock pin ram_reg_r1_0_63_3_5/RAMC/CLK is not reached by a timing clock
Related violations: <none>

TIMING-17#132 Critical Warning
Non-clocked sequential cell  
The clock pin ram_reg_r1_0_63_3_5/RAMD/CLK is not reached by a timing clock
Related violations: <none>

TIMING-17#133 Critical Warning
Non-clocked sequential cell  
The clock pin ram_reg_r1_0_63_6_8/RAMA/CLK is not reached by a timing clock
Related violations: <none>

TIMING-17#134 Critical Warning
Non-clocked sequential cell  
The clock pin ram_reg_r1_0_63_6_8/RAMB/CLK is not reached by a timing clock
Related violations: <none>

TIMING-17#135 Critical Warning
Non-clocked sequential cell  
The clock pin ram_reg_r1_0_63_6_8/RAMC/CLK is not reached by a timing clock
Related violations: <none>

TIMING-17#136 Critical Warning
Non-clocked sequential cell  
The clock pin ram_reg_r1_0_63_6_8/RAMD/CLK is not reached by a timing clock
Related violations: <none>

TIMING-17#137 Critical Warning
Non-clocked sequential cell  
The clock pin ram_reg_r1_0_63_9_11/RAMA/CLK is not reached by a timing clock
Related violations: <none>

TIMING-17#138 Critical Warning
Non-clocked sequential cell  
The clock pin ram_reg_r1_0_63_9_11/RAMB/CLK is not reached by a timing clock
Related violations: <none>

TIMING-17#139 Critical Warning
Non-clocked sequential cell  
The clock pin ram_reg_r1_0_63_9_11/RAMC/CLK is not reached by a timing clock
Related violations: <none>

TIMING-17#140 Critical Warning
Non-clocked sequential cell  
The clock pin ram_reg_r1_0_63_9_11/RAMD/CLK is not reached by a timing clock
Related violations: <none>

TIMING-17#141 Critical Warning
Non-clocked sequential cell  
The clock pin ram_reg_r2_0_63_0_2/RAMA/CLK is not reached by a timing clock
Related violations: <none>

TIMING-17#142 Critical Warning
Non-clocked sequential cell  
The clock pin ram_reg_r2_0_63_0_2/RAMB/CLK is not reached by a timing clock
Related violations: <none>

TIMING-17#143 Critical Warning
Non-clocked sequential cell  
The clock pin ram_reg_r2_0_63_0_2/RAMC/CLK is not reached by a timing clock
Related violations: <none>

TIMING-17#144 Critical Warning
Non-clocked sequential cell  
The clock pin ram_reg_r2_0_63_0_2/RAMD/CLK is not reached by a timing clock
Related violations: <none>

TIMING-17#145 Critical Warning
Non-clocked sequential cell  
The clock pin ram_reg_r2_0_63_12_14/RAMA/CLK is not reached by a timing clock
Related violations: <none>

TIMING-17#146 Critical Warning
Non-clocked sequential cell  
The clock pin ram_reg_r2_0_63_12_14/RAMB/CLK is not reached by a timing clock
Related violations: <none>

TIMING-17#147 Critical Warning
Non-clocked sequential cell  
The clock pin ram_reg_r2_0_63_12_14/RAMC/CLK is not reached by a timing clock
Related violations: <none>

TIMING-17#148 Critical Warning
Non-clocked sequential cell  
The clock pin ram_reg_r2_0_63_12_14/RAMD/CLK is not reached by a timing clock
Related violations: <none>

TIMING-17#149 Critical Warning
Non-clocked sequential cell  
The clock pin ram_reg_r2_0_63_15_17/RAMA/CLK is not reached by a timing clock
Related violations: <none>

TIMING-17#150 Critical Warning
Non-clocked sequential cell  
The clock pin ram_reg_r2_0_63_15_17/RAMB/CLK is not reached by a timing clock
Related violations: <none>

TIMING-17#151 Critical Warning
Non-clocked sequential cell  
The clock pin ram_reg_r2_0_63_15_17/RAMC/CLK is not reached by a timing clock
Related violations: <none>

TIMING-17#152 Critical Warning
Non-clocked sequential cell  
The clock pin ram_reg_r2_0_63_15_17/RAMD/CLK is not reached by a timing clock
Related violations: <none>

TIMING-17#153 Critical Warning
Non-clocked sequential cell  
The clock pin ram_reg_r2_0_63_18_20/RAMA/CLK is not reached by a timing clock
Related violations: <none>

TIMING-17#154 Critical Warning
Non-clocked sequential cell  
The clock pin ram_reg_r2_0_63_18_20/RAMB/CLK is not reached by a timing clock
Related violations: <none>

TIMING-17#155 Critical Warning
Non-clocked sequential cell  
The clock pin ram_reg_r2_0_63_18_20/RAMC/CLK is not reached by a timing clock
Related violations: <none>

TIMING-17#156 Critical Warning
Non-clocked sequential cell  
The clock pin ram_reg_r2_0_63_18_20/RAMD/CLK is not reached by a timing clock
Related violations: <none>

TIMING-17#157 Critical Warning
Non-clocked sequential cell  
The clock pin ram_reg_r2_0_63_21_23/RAMA/CLK is not reached by a timing clock
Related violations: <none>

TIMING-17#158 Critical Warning
Non-clocked sequential cell  
The clock pin ram_reg_r2_0_63_21_23/RAMB/CLK is not reached by a timing clock
Related violations: <none>

TIMING-17#159 Critical Warning
Non-clocked sequential cell  
The clock pin ram_reg_r2_0_63_21_23/RAMC/CLK is not reached by a timing clock
Related violations: <none>

TIMING-17#160 Critical Warning
Non-clocked sequential cell  
The clock pin ram_reg_r2_0_63_21_23/RAMD/CLK is not reached by a timing clock
Related violations: <none>

TIMING-17#161 Critical Warning
Non-clocked sequential cell  
The clock pin ram_reg_r2_0_63_24_26/RAMA/CLK is not reached by a timing clock
Related violations: <none>

TIMING-17#162 Critical Warning
Non-clocked sequential cell  
The clock pin ram_reg_r2_0_63_24_26/RAMB/CLK is not reached by a timing clock
Related violations: <none>

TIMING-17#163 Critical Warning
Non-clocked sequential cell  
The clock pin ram_reg_r2_0_63_24_26/RAMC/CLK is not reached by a timing clock
Related violations: <none>

TIMING-17#164 Critical Warning
Non-clocked sequential cell  
The clock pin ram_reg_r2_0_63_24_26/RAMD/CLK is not reached by a timing clock
Related violations: <none>

TIMING-17#165 Critical Warning
Non-clocked sequential cell  
The clock pin ram_reg_r2_0_63_27_29/RAMA/CLK is not reached by a timing clock
Related violations: <none>

TIMING-17#166 Critical Warning
Non-clocked sequential cell  
The clock pin ram_reg_r2_0_63_27_29/RAMB/CLK is not reached by a timing clock
Related violations: <none>

TIMING-17#167 Critical Warning
Non-clocked sequential cell  
The clock pin ram_reg_r2_0_63_27_29/RAMC/CLK is not reached by a timing clock
Related violations: <none>

TIMING-17#168 Critical Warning
Non-clocked sequential cell  
The clock pin ram_reg_r2_0_63_27_29/RAMD/CLK is not reached by a timing clock
Related violations: <none>

TIMING-17#169 Critical Warning
Non-clocked sequential cell  
The clock pin ram_reg_r2_0_63_30_31/RAMA/CLK is not reached by a timing clock
Related violations: <none>

TIMING-17#170 Critical Warning
Non-clocked sequential cell  
The clock pin ram_reg_r2_0_63_30_31/RAMB/CLK is not reached by a timing clock
Related violations: <none>

TIMING-17#171 Critical Warning
Non-clocked sequential cell  
The clock pin ram_reg_r2_0_63_30_31/RAMC/CLK is not reached by a timing clock
Related violations: <none>

TIMING-17#172 Critical Warning
Non-clocked sequential cell  
The clock pin ram_reg_r2_0_63_30_31/RAMD/CLK is not reached by a timing clock
Related violations: <none>

TIMING-17#173 Critical Warning
Non-clocked sequential cell  
The clock pin ram_reg_r2_0_63_3_5/RAMA/CLK is not reached by a timing clock
Related violations: <none>

TIMING-17#174 Critical Warning
Non-clocked sequential cell  
The clock pin ram_reg_r2_0_63_3_5/RAMB/CLK is not reached by a timing clock
Related violations: <none>

TIMING-17#175 Critical Warning
Non-clocked sequential cell  
The clock pin ram_reg_r2_0_63_3_5/RAMC/CLK is not reached by a timing clock
Related violations: <none>

TIMING-17#176 Critical Warning
Non-clocked sequential cell  
The clock pin ram_reg_r2_0_63_3_5/RAMD/CLK is not reached by a timing clock
Related violations: <none>

TIMING-17#177 Critical Warning
Non-clocked sequential cell  
The clock pin ram_reg_r2_0_63_6_8/RAMA/CLK is not reached by a timing clock
Related violations: <none>

TIMING-17#178 Critical Warning
Non-clocked sequential cell  
The clock pin ram_reg_r2_0_63_6_8/RAMB/CLK is not reached by a timing clock
Related violations: <none>

TIMING-17#179 Critical Warning
Non-clocked sequential cell  
The clock pin ram_reg_r2_0_63_6_8/RAMC/CLK is not reached by a timing clock
Related violations: <none>

TIMING-17#180 Critical Warning
Non-clocked sequential cell  
The clock pin ram_reg_r2_0_63_6_8/RAMD/CLK is not reached by a timing clock
Related violations: <none>

TIMING-17#181 Critical Warning
Non-clocked sequential cell  
The clock pin ram_reg_r2_0_63_9_11/RAMA/CLK is not reached by a timing clock
Related violations: <none>

TIMING-17#182 Critical Warning
Non-clocked sequential cell  
The clock pin ram_reg_r2_0_63_9_11/RAMB/CLK is not reached by a timing clock
Related violations: <none>

TIMING-17#183 Critical Warning
Non-clocked sequential cell  
The clock pin ram_reg_r2_0_63_9_11/RAMC/CLK is not reached by a timing clock
Related violations: <none>

TIMING-17#184 Critical Warning
Non-clocked sequential cell  
The clock pin ram_reg_r2_0_63_9_11/RAMD/CLK is not reached by a timing clock
Related violations: <none>

HPDR-1#1 Warning
Port pin direction inconsistency  
Hierarchical port(pin) data_a[10] direction INOUT is not consistent with the directions of the cell pins/ports found at that level of the netlist hierarchy. Please review the design and consider changing the port(pin) direction. Both drivers and loads were expected for the net (data_a[10]) connected to this Port, but both were not found.
Related violations: <none>

HPDR-1#2 Warning
Port pin direction inconsistency  
Hierarchical port(pin) data_a[11] direction INOUT is not consistent with the directions of the cell pins/ports found at that level of the netlist hierarchy. Please review the design and consider changing the port(pin) direction. Both drivers and loads were expected for the net (data_a[11]) connected to this Port, but both were not found.
Related violations: <none>

HPDR-1#3 Warning
Port pin direction inconsistency  
Hierarchical port(pin) data_a[12] direction INOUT is not consistent with the directions of the cell pins/ports found at that level of the netlist hierarchy. Please review the design and consider changing the port(pin) direction. Both drivers and loads were expected for the net (data_a[12]) connected to this Port, but both were not found.
Related violations: <none>

HPDR-1#4 Warning
Port pin direction inconsistency  
Hierarchical port(pin) data_a[13] direction INOUT is not consistent with the directions of the cell pins/ports found at that level of the netlist hierarchy. Please review the design and consider changing the port(pin) direction. Both drivers and loads were expected for the net (data_a[13]) connected to this Port, but both were not found.
Related violations: <none>

HPDR-1#5 Warning
Port pin direction inconsistency  
Hierarchical port(pin) data_a[14] direction INOUT is not consistent with the directions of the cell pins/ports found at that level of the netlist hierarchy. Please review the design and consider changing the port(pin) direction. Both drivers and loads were expected for the net (data_a[14]) connected to this Port, but both were not found.
Related violations: <none>

HPDR-1#6 Warning
Port pin direction inconsistency  
Hierarchical port(pin) data_a[15] direction INOUT is not consistent with the directions of the cell pins/ports found at that level of the netlist hierarchy. Please review the design and consider changing the port(pin) direction. Both drivers and loads were expected for the net (data_a[15]) connected to this Port, but both were not found.
Related violations: <none>

HPDR-1#7 Warning
Port pin direction inconsistency  
Hierarchical port(pin) data_a[16] direction INOUT is not consistent with the directions of the cell pins/ports found at that level of the netlist hierarchy. Please review the design and consider changing the port(pin) direction. Both drivers and loads were expected for the net (data_a[16]) connected to this Port, but both were not found.
Related violations: <none>

HPDR-1#8 Warning
Port pin direction inconsistency  
Hierarchical port(pin) data_a[17] direction INOUT is not consistent with the directions of the cell pins/ports found at that level of the netlist hierarchy. Please review the design and consider changing the port(pin) direction. Both drivers and loads were expected for the net (data_a[17]) connected to this Port, but both were not found.
Related violations: <none>

HPDR-1#9 Warning
Port pin direction inconsistency  
Hierarchical port(pin) data_a[18] direction INOUT is not consistent with the directions of the cell pins/ports found at that level of the netlist hierarchy. Please review the design and consider changing the port(pin) direction. Both drivers and loads were expected for the net (data_a[18]) connected to this Port, but both were not found.
Related violations: <none>

HPDR-1#10 Warning
Port pin direction inconsistency  
Hierarchical port(pin) data_a[19] direction INOUT is not consistent with the directions of the cell pins/ports found at that level of the netlist hierarchy. Please review the design and consider changing the port(pin) direction. Both drivers and loads were expected for the net (data_a[19]) connected to this Port, but both were not found.
Related violations: <none>

HPDR-1#11 Warning
Port pin direction inconsistency  
Hierarchical port(pin) data_a[20] direction INOUT is not consistent with the directions of the cell pins/ports found at that level of the netlist hierarchy. Please review the design and consider changing the port(pin) direction. Both drivers and loads were expected for the net (data_a[20]) connected to this Port, but both were not found.
Related violations: <none>

HPDR-1#12 Warning
Port pin direction inconsistency  
Hierarchical port(pin) data_a[21] direction INOUT is not consistent with the directions of the cell pins/ports found at that level of the netlist hierarchy. Please review the design and consider changing the port(pin) direction. Both drivers and loads were expected for the net (data_a[21]) connected to this Port, but both were not found.
Related violations: <none>

HPDR-1#13 Warning
Port pin direction inconsistency  
Hierarchical port(pin) data_a[22] direction INOUT is not consistent with the directions of the cell pins/ports found at that level of the netlist hierarchy. Please review the design and consider changing the port(pin) direction. Both drivers and loads were expected for the net (data_a[22]) connected to this Port, but both were not found.
Related violations: <none>

HPDR-1#14 Warning
Port pin direction inconsistency  
Hierarchical port(pin) data_a[23] direction INOUT is not consistent with the directions of the cell pins/ports found at that level of the netlist hierarchy. Please review the design and consider changing the port(pin) direction. Both drivers and loads were expected for the net (data_a[23]) connected to this Port, but both were not found.
Related violations: <none>

HPDR-1#15 Warning
Port pin direction inconsistency  
Hierarchical port(pin) data_a[24] direction INOUT is not consistent with the directions of the cell pins/ports found at that level of the netlist hierarchy. Please review the design and consider changing the port(pin) direction. Both drivers and loads were expected for the net (data_a[24]) connected to this Port, but both were not found.
Related violations: <none>

HPDR-1#16 Warning
Port pin direction inconsistency  
Hierarchical port(pin) data_a[25] direction INOUT is not consistent with the directions of the cell pins/ports found at that level of the netlist hierarchy. Please review the design and consider changing the port(pin) direction. Both drivers and loads were expected for the net (data_a[25]) connected to this Port, but both were not found.
Related violations: <none>

HPDR-1#17 Warning
Port pin direction inconsistency  
Hierarchical port(pin) data_a[26] direction INOUT is not consistent with the directions of the cell pins/ports found at that level of the netlist hierarchy. Please review the design and consider changing the port(pin) direction. Both drivers and loads were expected for the net (data_a[26]) connected to this Port, but both were not found.
Related violations: <none>

HPDR-1#18 Warning
Port pin direction inconsistency  
Hierarchical port(pin) data_a[27] direction INOUT is not consistent with the directions of the cell pins/ports found at that level of the netlist hierarchy. Please review the design and consider changing the port(pin) direction. Both drivers and loads were expected for the net (data_a[27]) connected to this Port, but both were not found.
Related violations: <none>

HPDR-1#19 Warning
Port pin direction inconsistency  
Hierarchical port(pin) data_a[28] direction INOUT is not consistent with the directions of the cell pins/ports found at that level of the netlist hierarchy. Please review the design and consider changing the port(pin) direction. Both drivers and loads were expected for the net (data_a[28]) connected to this Port, but both were not found.
Related violations: <none>

HPDR-1#20 Warning
Port pin direction inconsistency  
Hierarchical port(pin) data_a[29] direction INOUT is not consistent with the directions of the cell pins/ports found at that level of the netlist hierarchy. Please review the design and consider changing the port(pin) direction. Both drivers and loads were expected for the net (data_a[29]) connected to this Port, but both were not found.
Related violations: <none>

HPDR-1#21 Warning
Port pin direction inconsistency  
Hierarchical port(pin) data_a[30] direction INOUT is not consistent with the directions of the cell pins/ports found at that level of the netlist hierarchy. Please review the design and consider changing the port(pin) direction. Both drivers and loads were expected for the net (data_a[30]) connected to this Port, but both were not found.
Related violations: <none>

HPDR-1#22 Warning
Port pin direction inconsistency  
Hierarchical port(pin) data_a[31] direction INOUT is not consistent with the directions of the cell pins/ports found at that level of the netlist hierarchy. Please review the design and consider changing the port(pin) direction. Both drivers and loads were expected for the net (data_a[31]) connected to this Port, but both were not found.
Related violations: <none>

HPDR-1#23 Warning
Port pin direction inconsistency  
Hierarchical port(pin) data_a[8] direction INOUT is not consistent with the directions of the cell pins/ports found at that level of the netlist hierarchy. Please review the design and consider changing the port(pin) direction. Both drivers and loads were expected for the net (data_a[8]) connected to this Port, but both were not found.
Related violations: <none>

HPDR-1#24 Warning
Port pin direction inconsistency  
Hierarchical port(pin) data_a[9] direction INOUT is not consistent with the directions of the cell pins/ports found at that level of the netlist hierarchy. Please review the design and consider changing the port(pin) direction. Both drivers and loads were expected for the net (data_a[9]) connected to this Port, but both were not found.
Related violations: <none>

HPDR-1#25 Warning
Port pin direction inconsistency  
Hierarchical port(pin) data_b[10] direction INOUT is not consistent with the directions of the cell pins/ports found at that level of the netlist hierarchy. Please review the design and consider changing the port(pin) direction. Both drivers and loads were expected for the net (data_b[10]) connected to this Port, but both were not found.
Related violations: <none>

HPDR-1#26 Warning
Port pin direction inconsistency  
Hierarchical port(pin) data_b[11] direction INOUT is not consistent with the directions of the cell pins/ports found at that level of the netlist hierarchy. Please review the design and consider changing the port(pin) direction. Both drivers and loads were expected for the net (data_b[11]) connected to this Port, but both were not found.
Related violations: <none>

HPDR-1#27 Warning
Port pin direction inconsistency  
Hierarchical port(pin) data_b[12] direction INOUT is not consistent with the directions of the cell pins/ports found at that level of the netlist hierarchy. Please review the design and consider changing the port(pin) direction. Both drivers and loads were expected for the net (data_b[12]) connected to this Port, but both were not found.
Related violations: <none>

HPDR-1#28 Warning
Port pin direction inconsistency  
Hierarchical port(pin) data_b[13] direction INOUT is not consistent with the directions of the cell pins/ports found at that level of the netlist hierarchy. Please review the design and consider changing the port(pin) direction. Both drivers and loads were expected for the net (data_b[13]) connected to this Port, but both were not found.
Related violations: <none>

HPDR-1#29 Warning
Port pin direction inconsistency  
Hierarchical port(pin) data_b[14] direction INOUT is not consistent with the directions of the cell pins/ports found at that level of the netlist hierarchy. Please review the design and consider changing the port(pin) direction. Both drivers and loads were expected for the net (data_b[14]) connected to this Port, but both were not found.
Related violations: <none>

HPDR-1#30 Warning
Port pin direction inconsistency  
Hierarchical port(pin) data_b[15] direction INOUT is not consistent with the directions of the cell pins/ports found at that level of the netlist hierarchy. Please review the design and consider changing the port(pin) direction. Both drivers and loads were expected for the net (data_b[15]) connected to this Port, but both were not found.
Related violations: <none>

HPDR-1#31 Warning
Port pin direction inconsistency  
Hierarchical port(pin) data_b[16] direction INOUT is not consistent with the directions of the cell pins/ports found at that level of the netlist hierarchy. Please review the design and consider changing the port(pin) direction. Both drivers and loads were expected for the net (data_b[16]) connected to this Port, but both were not found.
Related violations: <none>

HPDR-1#32 Warning
Port pin direction inconsistency  
Hierarchical port(pin) data_b[17] direction INOUT is not consistent with the directions of the cell pins/ports found at that level of the netlist hierarchy. Please review the design and consider changing the port(pin) direction. Both drivers and loads were expected for the net (data_b[17]) connected to this Port, but both were not found.
Related violations: <none>

HPDR-1#33 Warning
Port pin direction inconsistency  
Hierarchical port(pin) data_b[18] direction INOUT is not consistent with the directions of the cell pins/ports found at that level of the netlist hierarchy. Please review the design and consider changing the port(pin) direction. Both drivers and loads were expected for the net (data_b[18]) connected to this Port, but both were not found.
Related violations: <none>

HPDR-1#34 Warning
Port pin direction inconsistency  
Hierarchical port(pin) data_b[19] direction INOUT is not consistent with the directions of the cell pins/ports found at that level of the netlist hierarchy. Please review the design and consider changing the port(pin) direction. Both drivers and loads were expected for the net (data_b[19]) connected to this Port, but both were not found.
Related violations: <none>

HPDR-1#35 Warning
Port pin direction inconsistency  
Hierarchical port(pin) data_b[20] direction INOUT is not consistent with the directions of the cell pins/ports found at that level of the netlist hierarchy. Please review the design and consider changing the port(pin) direction. Both drivers and loads were expected for the net (data_b[20]) connected to this Port, but both were not found.
Related violations: <none>

HPDR-1#36 Warning
Port pin direction inconsistency  
Hierarchical port(pin) data_b[21] direction INOUT is not consistent with the directions of the cell pins/ports found at that level of the netlist hierarchy. Please review the design and consider changing the port(pin) direction. Both drivers and loads were expected for the net (data_b[21]) connected to this Port, but both were not found.
Related violations: <none>

HPDR-1#37 Warning
Port pin direction inconsistency  
Hierarchical port(pin) data_b[22] direction INOUT is not consistent with the directions of the cell pins/ports found at that level of the netlist hierarchy. Please review the design and consider changing the port(pin) direction. Both drivers and loads were expected for the net (data_b[22]) connected to this Port, but both were not found.
Related violations: <none>

HPDR-1#38 Warning
Port pin direction inconsistency  
Hierarchical port(pin) data_b[23] direction INOUT is not consistent with the directions of the cell pins/ports found at that level of the netlist hierarchy. Please review the design and consider changing the port(pin) direction. Both drivers and loads were expected for the net (data_b[23]) connected to this Port, but both were not found.
Related violations: <none>

HPDR-1#39 Warning
Port pin direction inconsistency  
Hierarchical port(pin) data_b[24] direction INOUT is not consistent with the directions of the cell pins/ports found at that level of the netlist hierarchy. Please review the design and consider changing the port(pin) direction. Both drivers and loads were expected for the net (data_b[24]) connected to this Port, but both were not found.
Related violations: <none>

HPDR-1#40 Warning
Port pin direction inconsistency  
Hierarchical port(pin) data_b[25] direction INOUT is not consistent with the directions of the cell pins/ports found at that level of the netlist hierarchy. Please review the design and consider changing the port(pin) direction. Both drivers and loads were expected for the net (data_b[25]) connected to this Port, but both were not found.
Related violations: <none>

HPDR-1#41 Warning
Port pin direction inconsistency  
Hierarchical port(pin) data_b[26] direction INOUT is not consistent with the directions of the cell pins/ports found at that level of the netlist hierarchy. Please review the design and consider changing the port(pin) direction. Both drivers and loads were expected for the net (data_b[26]) connected to this Port, but both were not found.
Related violations: <none>

HPDR-1#42 Warning
Port pin direction inconsistency  
Hierarchical port(pin) data_b[27] direction INOUT is not consistent with the directions of the cell pins/ports found at that level of the netlist hierarchy. Please review the design and consider changing the port(pin) direction. Both drivers and loads were expected for the net (data_b[27]) connected to this Port, but both were not found.
Related violations: <none>

HPDR-1#43 Warning
Port pin direction inconsistency  
Hierarchical port(pin) data_b[28] direction INOUT is not consistent with the directions of the cell pins/ports found at that level of the netlist hierarchy. Please review the design and consider changing the port(pin) direction. Both drivers and loads were expected for the net (data_b[28]) connected to this Port, but both were not found.
Related violations: <none>

HPDR-1#44 Warning
Port pin direction inconsistency  
Hierarchical port(pin) data_b[29] direction INOUT is not consistent with the directions of the cell pins/ports found at that level of the netlist hierarchy. Please review the design and consider changing the port(pin) direction. Both drivers and loads were expected for the net (data_b[29]) connected to this Port, but both were not found.
Related violations: <none>

HPDR-1#45 Warning
Port pin direction inconsistency  
Hierarchical port(pin) data_b[30] direction INOUT is not consistent with the directions of the cell pins/ports found at that level of the netlist hierarchy. Please review the design and consider changing the port(pin) direction. Both drivers and loads were expected for the net (data_b[30]) connected to this Port, but both were not found.
Related violations: <none>

HPDR-1#46 Warning
Port pin direction inconsistency  
Hierarchical port(pin) data_b[31] direction INOUT is not consistent with the directions of the cell pins/ports found at that level of the netlist hierarchy. Please review the design and consider changing the port(pin) direction. Both drivers and loads were expected for the net (data_b[31]) connected to this Port, but both were not found.
Related violations: <none>

HPDR-1#47 Warning
Port pin direction inconsistency  
Hierarchical port(pin) data_b[8] direction INOUT is not consistent with the directions of the cell pins/ports found at that level of the netlist hierarchy. Please review the design and consider changing the port(pin) direction. Both drivers and loads were expected for the net (data_b[8]) connected to this Port, but both were not found.
Related violations: <none>

HPDR-1#48 Warning
Port pin direction inconsistency  
Hierarchical port(pin) data_b[9] direction INOUT is not consistent with the directions of the cell pins/ports found at that level of the netlist hierarchy. Please review the design and consider changing the port(pin) direction. Both drivers and loads were expected for the net (data_b[9]) connected to this Port, but both were not found.
Related violations: <none>


