#-----------------------------------------------------------
# Vivado v2021.1 (64-bit)
# SW Build 3247384 on Thu Jun 10 19:36:33 MDT 2021
# IP Build 3246043 on Fri Jun 11 00:30:35 MDT 2021
# Start of session at: Fri Jul  2 15:57:04 2021
# Process ID: 19424
# Current directory: D:/two-ticks/verilog/dual-port-sync-RAM/xilinx-project
# Command line: vivado.exe -gui_launcher_event rodinguilauncherevent29284 D:\two-ticks\verilog\dual-port-sync-RAM\xilinx-project\dual-port-sync-ram.xpr
# Log file: D:/two-ticks/verilog/dual-port-sync-RAM/xilinx-project/vivado.log
# Journal file: D:/two-ticks/verilog/dual-port-sync-RAM/xilinx-project\vivado.jou
#-----------------------------------------------------------
start_gui
open_project D:/two-ticks/verilog/dual-port-sync-RAM/xilinx-project/dual-port-sync-ram.xpr
WARNING: [filemgmt 56-3] Default IP Output Path : Could not find the directory 'D:/two-ticks/verilog/dual-port-sync-RAM/xilinx-project/dual-port-sync-ram.gen/sources_1'.
Scanning sources...
Finished scanning sources
INFO: [IP_Flow 19-234] Refreshing IP repositories
INFO: [IP_Flow 19-1704] No user IP repositories specified
INFO: [IP_Flow 19-2313] Loaded Vivado IP repository 'D:/Xilinx/Vivado/2021.1/data/ip'.
open_project: Time (s): cpu = 00:00:36 ; elapsed = 00:00:14 . Memory (MB): peak = 1120.992 ; gain = 0.000
update_compile_order -fileset sources_1
